<?xml version="1.0" encoding="UTF-8"?>
<testsuite name="com.showyourcode.graphqlsample.web.rest.AmrControllerTest" tests="1" skipped="0" failures="1" errors="0" timestamp="2022-10-23T03:13:30" hostname="HEEJINs-MacBook-Pro.local" time="0.155">
  <properties/>
  <testcase name="Amr 정보조회" classname="com.showyourcode.graphqlsample.web.rest.AmrControllerTest" time="0.155">
    <failure message="java.lang.AssertionError: Response has 1 unexpected error(s) of 1 total. If expected, please filter them out: [INTERNAL_ERROR for be5c7fa6-82c0-8268-915a-c7d2f2fdce22]&#10;Request: document='query {&#10;    amrById(amrId: 1) {&#10;        amrId&#10;        payload {&#10;            payloadId&#10;            payloadName&#10;        }&#10;    }&#10;}', variables={amrId=1}" type="java.lang.AssertionError">java.lang.AssertionError: Response has 1 unexpected error(s) of 1 total. If expected, please filter them out: [INTERNAL_ERROR for be5c7fa6-82c0-8268-915a-c7d2f2fdce22]
Request: document='query {
    amrById(amrId: 1) {
        amrId
        payload {
            payloadId
            payloadName
        }
    }
}', variables={amrId=1}
	at org.springframework.graphql.test.tester.DefaultGraphQlTester$DefaultRequest.lambda$assertDecorator$3(DefaultGraphQlTester.java:183)
	at org.springframework.graphql.test.tester.DefaultGraphQlTester$ResponseDelegate.verifyErrors(DefaultGraphQlTester.java:266)
	at org.springframework.graphql.test.tester.DefaultGraphQlTester$DefaultResponse.path(DefaultGraphQlTester.java:292)
	at com.showyourcode.graphqlsample.web.rest.AmrControllerTest.getAmrById(AmrControllerTest.java:43)
	at java.base/jdk.internal.reflect.DirectMethodHandleAccessor.invoke(DirectMethodHandleAccessor.java:104)
	at java.base/java.lang.reflect.Method.invoke(Method.java:577)
	at org.junit.platform.commons.util.ReflectionUtils.invokeMethod(ReflectionUtils.java:725)
	at org.junit.jupiter.engine.execution.MethodInvocation.proceed(MethodInvocation.java:60)
	at org.junit.jupiter.engine.execution.InvocationInterceptorChain$ValidatingInvocation.proceed(InvocationInterceptorChain.java:131)
	at org.junit.jupiter.engine.extension.TimeoutExtension.intercept(TimeoutExtension.java:149)
	at org.junit.jupiter.engine.extension.TimeoutExtension.interceptTestableMethod(TimeoutExtension.java:140)
	at org.junit.jupiter.engine.extension.TimeoutExtension.interceptTestMethod(TimeoutExtension.java:84)
	at org.junit.jupiter.engine.execution.ExecutableInvoker$ReflectiveInterceptorCall.lambda$ofVoidMethod$0(ExecutableInvoker.java:115)
	at org.junit.jupiter.engine.execution.ExecutableInvoker.lambda$invoke$0(ExecutableInvoker.java:105)
	at org.junit.jupiter.engine.execution.InvocationInterceptorChain$InterceptedInvocation.proceed(InvocationInterceptorChain.java:106)
	at org.junit.jupiter.engine.execution.InvocationInterceptorChain.proceed(InvocationInterceptorChain.java:64)
	at org.junit.jupiter.engine.execution.InvocationInterceptorChain.chainAndInvoke(InvocationInterceptorChain.java:45)
	at org.junit.jupiter.engine.execution.InvocationInterceptorChain.invoke(InvocationInterceptorChain.java:37)
	at org.junit.jupiter.engine.execution.ExecutableInvoker.invoke(ExecutableInvoker.java:104)
	at org.junit.jupiter.engine.execution.ExecutableInvoker.invoke(ExecutableInvoker.java:98)
	at org.junit.jupiter.engine.descriptor.TestMethodTestDescriptor.lambda$invokeTestMethod$7(TestMethodTestDescriptor.java:214)
	at org.junit.platform.engine.support.hierarchical.ThrowableCollector.execute(ThrowableCollector.java:73)
	at org.junit.jupiter.engine.descriptor.TestMethodTestDescriptor.invokeTestMethod(TestMethodTestDescriptor.java:210)
	at org.junit.jupiter.engine.descriptor.TestMethodTestDescriptor.execute(TestMethodTestDescriptor.java:135)
	at org.junit.jupiter.engine.descriptor.TestMethodTestDescriptor.execute(TestMethodTestDescriptor.java:66)
	at org.junit.platform.engine.support.hierarchical.NodeTestTask.lambda$executeRecursively$6(NodeTestTask.java:151)
	at org.junit.platform.engine.support.hierarchical.ThrowableCollector.execute(ThrowableCollector.java:73)
	at org.junit.platform.engine.support.hierarchical.NodeTestTask.lambda$executeRecursively$8(NodeTestTask.java:141)
	at org.junit.platform.engine.support.hierarchical.Node.around(Node.java:137)
	at org.junit.platform.engine.support.hierarchical.NodeTestTask.lambda$executeRecursively$9(NodeTestTask.java:139)
	at org.junit.platform.engine.support.hierarchical.ThrowableCollector.execute(ThrowableCollector.java:73)
	at org.junit.platform.engine.support.hierarchical.NodeTestTask.executeRecursively(NodeTestTask.java:138)
	at org.junit.platform.engine.support.hierarchical.NodeTestTask.execute(NodeTestTask.java:95)
	at java.base/java.util.ArrayList.forEach(ArrayList.java:1511)
	at org.junit.platform.engine.support.hierarchical.SameThreadHierarchicalTestExecutorService.invokeAll(SameThreadHierarchicalTestExecutorService.java:41)
	at org.junit.platform.engine.support.hierarchical.NodeTestTask.lambda$executeRecursively$6(NodeTestTask.java:155)
	at org.junit.platform.engine.support.hierarchical.ThrowableCollector.execute(ThrowableCollector.java:73)
	at org.junit.platform.engine.support.hierarchical.NodeTestTask.lambda$executeRecursively$8(NodeTestTask.java:141)
	at org.junit.platform.engine.support.hierarchical.Node.around(Node.java:137)
	at org.junit.platform.engine.support.hierarchical.NodeTestTask.lambda$executeRecursively$9(NodeTestTask.java:139)
	at org.junit.platform.engine.support.hierarchical.ThrowableCollector.execute(ThrowableCollector.java:73)
	at org.junit.platform.engine.support.hierarchical.NodeTestTask.executeRecursively(NodeTestTask.java:138)
	at org.junit.platform.engine.support.hierarchical.NodeTestTask.execute(NodeTestTask.java:95)
	at java.base/java.util.ArrayList.forEach(ArrayList.java:1511)
	at org.junit.platform.engine.support.hierarchical.SameThreadHierarchicalTestExecutorService.invokeAll(SameThreadHierarchicalTestExecutorService.java:41)
	at org.junit.platform.engine.support.hierarchical.NodeTestTask.lambda$executeRecursively$6(NodeTestTask.java:155)
	at org.junit.platform.engine.support.hierarchical.ThrowableCollector.execute(ThrowableCollector.java:73)
	at org.junit.platform.engine.support.hierarchical.NodeTestTask.lambda$executeRecursively$8(NodeTestTask.java:141)
	at org.junit.platform.engine.support.hierarchical.Node.around(Node.java:137)
	at org.junit.platform.engine.support.hierarchical.NodeTestTask.lambda$executeRecursively$9(NodeTestTask.java:139)
	at org.junit.platform.engine.support.hierarchical.ThrowableCollector.execute(ThrowableCollector.java:73)
	at org.junit.platform.engine.support.hierarchical.NodeTestTask.executeRecursively(NodeTestTask.java:138)
	at org.junit.platform.engine.support.hierarchical.NodeTestTask.execute(NodeTestTask.java:95)
	at org.junit.platform.engine.support.hierarchical.SameThreadHierarchicalTestExecutorService.submit(SameThreadHierarchicalTestExecutorService.java:35)
	at org.junit.platform.engine.support.hierarchical.HierarchicalTestExecutor.execute(HierarchicalTestExecutor.java:57)
	at org.junit.platform.engine.support.hierarchical.HierarchicalTestEngine.execute(HierarchicalTestEngine.java:54)
	at org.junit.platform.launcher.core.EngineExecutionOrchestrator.execute(EngineExecutionOrchestrator.java:107)
	at org.junit.platform.launcher.core.EngineExecutionOrchestrator.execute(EngineExecutionOrchestrator.java:88)
	at org.junit.platform.launcher.core.EngineExecutionOrchestrator.lambda$execute$0(EngineExecutionOrchestrator.java:54)
	at org.junit.platform.launcher.core.EngineExecutionOrchestrator.withInterceptedStreams(EngineExecutionOrchestrator.java:67)
	at org.junit.platform.launcher.core.EngineExecutionOrchestrator.execute(EngineExecutionOrchestrator.java:52)
	at org.junit.platform.launcher.core.DefaultLauncher.execute(DefaultLauncher.java:114)
	at org.junit.platform.launcher.core.DefaultLauncher.execute(DefaultLauncher.java:86)
	at org.junit.platform.launcher.core.DefaultLauncherSession$DelegatingLauncher.execute(DefaultLauncherSession.java:86)
	at org.junit.platform.launcher.core.SessionPerRequestLauncher.execute(SessionPerRequestLauncher.java:53)
	at org.gradle.api.internal.tasks.testing.junitplatform.JUnitPlatformTestClassProcessor$CollectAllTestClassesExecutor.processAllTestClasses(JUnitPlatformTestClassProcessor.java:99)
	at org.gradle.api.internal.tasks.testing.junitplatform.JUnitPlatformTestClassProcessor$CollectAllTestClassesExecutor.access$000(JUnitPlatformTestClassProcessor.java:79)
	at org.gradle.api.internal.tasks.testing.junitplatform.JUnitPlatformTestClassProcessor.stop(JUnitPlatformTestClassProcessor.java:75)
	at org.gradle.api.internal.tasks.testing.SuiteTestClassProcessor.stop(SuiteTestClassProcessor.java:61)
	at java.base/jdk.internal.reflect.DirectMethodHandleAccessor.invoke(DirectMethodHandleAccessor.java:104)
	at java.base/java.lang.reflect.Method.invoke(Method.java:577)
	at org.gradle.internal.dispatch.ReflectionDispatch.dispatch(ReflectionDispatch.java:36)
	at org.gradle.internal.dispatch.ReflectionDispatch.dispatch(ReflectionDispatch.java:24)
	at org.gradle.internal.dispatch.ContextClassLoaderDispatch.dispatch(ContextClassLoaderDispatch.java:33)
	at org.gradle.internal.dispatch.ProxyDispatchAdapter$DispatchingInvocationHandler.invoke(ProxyDispatchAdapter.java:94)
	at jdk.proxy1/jdk.proxy1.$Proxy2.stop(Unknown Source)
	at org.gradle.api.internal.tasks.testing.worker.TestWorker$3.run(TestWorker.java:193)
	at org.gradle.api.internal.tasks.testing.worker.TestWorker.executeAndMaintainThreadName(TestWorker.java:129)
	at org.gradle.api.internal.tasks.testing.worker.TestWorker.execute(TestWorker.java:100)
	at org.gradle.api.internal.tasks.testing.worker.TestWorker.execute(TestWorker.java:60)
	at org.gradle.process.internal.worker.child.ActionExecutionWorker.execute(ActionExecutionWorker.java:56)
	at org.gradle.process.internal.worker.child.SystemApplicationClassLoaderWorker.call(SystemApplicationClassLoaderWorker.java:133)
	at org.gradle.process.internal.worker.child.SystemApplicationClassLoaderWorker.call(SystemApplicationClassLoaderWorker.java:71)
	at worker.org.gradle.process.internal.worker.GradleWorkerMain.run(GradleWorkerMain.java:69)
	at worker.org.gradle.process.internal.worker.GradleWorkerMain.main(GradleWorkerMain.java:74)
Caused by: java.lang.AssertionError: Response has 1 unexpected error(s) of 1 total. If expected, please filter them out: [INTERNAL_ERROR for be5c7fa6-82c0-8268-915a-c7d2f2fdce22]
	at org.springframework.test.util.AssertionErrors.fail(AssertionErrors.java:37)
	at org.springframework.test.util.AssertionErrors.assertTrue(AssertionErrors.java:70)
	at org.springframework.graphql.test.tester.DefaultGraphQlTester$ResponseDelegate.lambda$verifyErrors$2(DefaultGraphQlTester.java:267)
	at org.springframework.graphql.test.tester.DefaultGraphQlTester$DefaultRequest.lambda$assertDecorator$3(DefaultGraphQlTester.java:180)
	... 84 more
</failure>
  </testcase>
  <system-out><![CDATA[12:13:28.529 [Test worker] DEBUG org.springframework.test.context.BootstrapUtils - Instantiating CacheAwareContextLoaderDelegate from class [org.springframework.test.context.cache.DefaultCacheAwareContextLoaderDelegate]
12:13:28.534 [Test worker] DEBUG org.springframework.test.context.BootstrapUtils - Instantiating BootstrapContext using constructor [public org.springframework.test.context.support.DefaultBootstrapContext(java.lang.Class,org.springframework.test.context.CacheAwareContextLoaderDelegate)]
12:13:28.549 [Test worker] DEBUG org.springframework.test.context.BootstrapUtils - Instantiating TestContextBootstrapper for test class [com.showyourcode.graphqlsample.web.rest.AmrControllerTest] from class [org.springframework.boot.test.context.SpringBootTestContextBootstrapper]
12:13:28.553 [Test worker] INFO org.springframework.boot.test.context.SpringBootTestContextBootstrapper - Neither @ContextConfiguration nor @ContextHierarchy found for test class [com.showyourcode.graphqlsample.web.rest.AmrControllerTest], using SpringBootContextLoader
12:13:28.555 [Test worker] DEBUG org.springframework.test.context.support.AbstractContextLoader - Did not detect default resource location for test class [com.showyourcode.graphqlsample.web.rest.AmrControllerTest]: class path resource [com/showyourcode/graphqlsample/web/rest/AmrControllerTest-context.xml] does not exist
12:13:28.555 [Test worker] DEBUG org.springframework.test.context.support.AbstractContextLoader - Did not detect default resource location for test class [com.showyourcode.graphqlsample.web.rest.AmrControllerTest]: class path resource [com/showyourcode/graphqlsample/web/rest/AmrControllerTestContext.groovy] does not exist
12:13:28.555 [Test worker] INFO org.springframework.test.context.support.AbstractContextLoader - Could not detect default resource locations for test class [com.showyourcode.graphqlsample.web.rest.AmrControllerTest]: no resource found for suffixes {-context.xml, Context.groovy}.
12:13:28.555 [Test worker] INFO org.springframework.test.context.support.AnnotationConfigContextLoaderUtils - Could not detect default configuration classes for test class [com.showyourcode.graphqlsample.web.rest.AmrControllerTest]: AmrControllerTest does not declare any static, non-private, non-final, nested classes annotated with @Configuration.
12:13:28.575 [Test worker] DEBUG org.springframework.test.context.support.ActiveProfilesUtils - Could not find an 'annotation declaring class' for annotation type [org.springframework.test.context.ActiveProfiles] and class [com.showyourcode.graphqlsample.web.rest.AmrControllerTest]
12:13:28.600 [Test worker] DEBUG org.springframework.context.annotation.ClassPathScanningCandidateComponentProvider - Identified candidate component class: file [/Users/heejinju/Data/Dev/Project/Spring/graphql-sample/build/classes/java/main/com/showyourcode/graphqlsample/GraphqlSampleApplication.class]
12:13:28.601 [Test worker] INFO org.springframework.boot.test.context.SpringBootTestContextBootstrapper - Found @SpringBootConfiguration com.showyourcode.graphqlsample.GraphqlSampleApplication for test class com.showyourcode.graphqlsample.web.rest.AmrControllerTest
12:13:28.636 [Test worker] DEBUG org.springframework.boot.test.context.SpringBootTestContextBootstrapper - @TestExecutionListeners is not present for class [com.showyourcode.graphqlsample.web.rest.AmrControllerTest]: using defaults.
12:13:28.636 [Test worker] INFO org.springframework.boot.test.context.SpringBootTestContextBootstrapper - Loaded default TestExecutionListener class names from location [META-INF/spring.factories]: [org.springframework.boot.test.autoconfigure.restdocs.RestDocsTestExecutionListener, org.springframework.boot.test.autoconfigure.web.client.MockRestServiceServerResetTestExecutionListener, org.springframework.boot.test.autoconfigure.web.servlet.MockMvcPrintOnlyOnFailureTestExecutionListener, org.springframework.boot.test.autoconfigure.web.servlet.WebDriverTestExecutionListener, org.springframework.boot.test.autoconfigure.webservices.client.MockWebServiceServerTestExecutionListener, org.springframework.boot.test.mock.mockito.MockitoTestExecutionListener, org.springframework.boot.test.mock.mockito.ResetMocksTestExecutionListener, org.springframework.test.context.web.ServletTestExecutionListener, org.springframework.test.context.support.DirtiesContextBeforeModesTestExecutionListener, org.springframework.test.context.event.ApplicationEventsTestExecutionListener, org.springframework.test.context.support.DependencyInjectionTestExecutionListener, org.springframework.test.context.support.DirtiesContextTestExecutionListener, org.springframework.test.context.transaction.TransactionalTestExecutionListener, org.springframework.test.context.jdbc.SqlScriptsTestExecutionListener, org.springframework.test.context.event.EventPublishingTestExecutionListener]
12:13:28.642 [Test worker] INFO org.springframework.boot.test.context.SpringBootTestContextBootstrapper - Using TestExecutionListeners: [org.springframework.test.context.web.ServletTestExecutionListener@2364305a, org.springframework.test.context.support.DirtiesContextBeforeModesTestExecutionListener@470a696f, org.springframework.test.context.event.ApplicationEventsTestExecutionListener@1bc715b8, org.springframework.boot.test.mock.mockito.MockitoTestExecutionListener@292d1c71, org.springframework.boot.test.autoconfigure.SpringBootDependencyInjectionTestExecutionListener@2b491fee, org.springframework.test.context.support.DirtiesContextTestExecutionListener@3f1c5af9, org.springframework.test.context.transaction.TransactionalTestExecutionListener@1c55f277, org.springframework.test.context.jdbc.SqlScriptsTestExecutionListener@5ddabb18, org.springframework.test.context.event.EventPublishingTestExecutionListener@3e8f7922, org.springframework.boot.test.autoconfigure.restdocs.RestDocsTestExecutionListener@63192798, org.springframework.boot.test.autoconfigure.web.client.MockRestServiceServerResetTestExecutionListener@50eca7c6, org.springframework.boot.test.autoconfigure.web.servlet.MockMvcPrintOnlyOnFailureTestExecutionListener@58e6d4b8, org.springframework.boot.test.autoconfigure.web.servlet.WebDriverTestExecutionListener@1de5f0ef, org.springframework.boot.test.autoconfigure.webservices.client.MockWebServiceServerTestExecutionListener@376a312c, org.springframework.boot.test.mock.mockito.ResetMocksTestExecutionListener@28d6290]
12:13:28.644 [Test worker] DEBUG org.springframework.test.context.support.AbstractDirtiesContextTestExecutionListener - Before test class: context [DefaultTestContext@2cb3d0f7 testClass = AmrControllerTest, testInstance = [null], testMethod = [null], testException = [null], mergedContextConfiguration = [WebMergedContextConfiguration@4e517165 testClass = AmrControllerTest, locations = '{}', classes = '{class com.showyourcode.graphqlsample.GraphqlSampleApplication}', contextInitializerClasses = '[]', activeProfiles = '{}', propertySourceLocations = '{}', propertySourceProperties = '{org.springframework.boot.test.context.SpringBootTestContextBootstrapper=true}', contextCustomizers = set[org.springframework.boot.test.autoconfigure.actuate.metrics.MetricsExportContextCustomizerFactory$DisableMetricExportContextCustomizer@492691d7, org.springframework.boot.test.autoconfigure.properties.PropertyMappingContextCustomizer@0, org.springframework.boot.test.autoconfigure.web.servlet.WebDriverContextCustomizerFactory$Customizer@1458ed9c, [ImportsContextCustomizer@44e3760b key = [org.springframework.boot.test.autoconfigure.graphql.tester.GraphQlTesterAutoConfiguration]], org.springframework.boot.test.context.filter.ExcludeFilterContextCustomizer@5ce8d869, org.springframework.boot.test.graphql.tester.HttpGraphQlTesterContextCustomizer@53f6fd09, org.springframework.boot.test.json.DuplicateJsonObjectContextCustomizerFactory$DuplicateJsonObjectContextCustomizer@3ad2e17, org.springframework.boot.test.mock.mockito.MockitoContextCustomizer@0, org.springframework.boot.test.web.client.TestRestTemplateContextCustomizer@6d025197, org.springframework.boot.test.web.reactive.server.WebTestClientContextCustomizer@b7c4869, org.springframework.boot.test.context.SpringBootTestArgs@1, org.springframework.boot.test.context.SpringBootTestWebEnvironment@3098cf3b], resourceBasePath = 'src/main/webapp', contextLoader = 'org.springframework.boot.test.context.SpringBootContextLoader', parent = [null]], attributes = map['org.springframework.test.context.web.ServletTestExecutionListener.activateListener' -> true]], class annotated with @DirtiesContext [false] with mode [null].

  .   ____          _            __ _ _
 /\\ / ___'_ __ _ _(_)_ __  __ _ \ \ \ \
( ( )\___ | '_ | '_| | '_ \/ _` | \ \ \ \
 \\/  ___)| |_)| | | | | || (_| |  ) ) ) )
  '  |____| .__|_| |_|_| |_\__, | / / / /
 =========|_|==============|___/=/_/_/_/
 :: Spring Boot ::                (v2.7.2)

2022-10-23 12:13:28.800  INFO 11472 --- [    Test worker] c.s.g.web.rest.AmrControllerTest         : Starting AmrControllerTest using Java 18.0.1.1 on HEEJINs-MacBook-Pro.local with PID 11472 (started by heejinju in /Users/heejinju/Data/Dev/Project/Spring/graphql-sample)
2022-10-23 12:13:28.800  INFO 11472 --- [    Test worker] c.s.g.web.rest.AmrControllerTest         : No active profile set, falling back to 1 default profile: "default"
2022-10-23 12:13:29.060  INFO 11472 --- [    Test worker] .s.d.r.c.RepositoryConfigurationDelegate : Bootstrapping Spring Data JPA repositories in DEFAULT mode.
2022-10-23 12:13:29.125  INFO 11472 --- [    Test worker] .s.d.r.c.RepositoryConfigurationDelegate : Finished Spring Data repository scanning in 61 ms. Found 1 JPA repository interfaces.
2022-10-23 12:13:29.365  INFO 11472 --- [    Test worker] o.hibernate.jpa.internal.util.LogHelper  : HHH000204: Processing PersistenceUnitInfo [name: default]
2022-10-23 12:13:29.387  INFO 11472 --- [    Test worker] org.hibernate.Version                    : HHH000412: Hibernate ORM core version 5.6.10.Final
2022-10-23 12:13:29.452  INFO 11472 --- [    Test worker] o.hibernate.annotations.common.Version   : HCANN000001: Hibernate Commons Annotations {5.1.2.Final}
2022-10-23 12:13:29.508  INFO 11472 --- [    Test worker] com.zaxxer.hikari.HikariDataSource       : HikariPool-1 - Starting...
2022-10-23 12:13:29.588  INFO 11472 --- [    Test worker] com.zaxxer.hikari.HikariDataSource       : HikariPool-1 - Start completed.
2022-10-23 12:13:29.595  INFO 11472 --- [    Test worker] org.hibernate.dialect.Dialect            : HHH000400: Using dialect: org.hibernate.dialect.H2Dialect
Hibernate: 
    
    drop table if exists amr CASCADE 
Hibernate: 
    
    drop table if exists payload CASCADE 
Hibernate: 
    
    drop sequence if exists amr_id_seq
Hibernate: create sequence amr_id_seq start with 6 increment by 50
Hibernate: 
    
    create table amr (
       amr_id integer not null,
        amr_name varchar(255),
        payload_id integer,
        primary key (amr_id)
    )
Hibernate: 
    
    create table payload (
       payload_id integer generated by default as identity,
        payload_name varchar(255),
        payload_type varchar(255),
        usage integer not null,
        primary key (payload_id)
    )
Hibernate: 
    
    alter table amr 
       add constraint amr_payload_id_fk 
       foreign key (payload_id) 
       references payload
2022-10-23 12:13:29.829  INFO 11472 --- [    Test worker] o.h.t.schema.internal.SchemaCreatorImpl  : HHH000476: Executing import script 'file:/Users/heejinju/Data/Dev/Project/Spring/graphql-sample/build/resources/test/import.sql'
Hibernate: 
    INSERT INTO payload (payload_id, payload_name, payload_type, usage) VALUES (1, 'SmallPallet1', 'S', 1)
Hibernate: 
    INSERT INTO payload (payload_id, payload_name, payload_type, usage) VALUES (2, 'SmallPallet2', 'S', 1)
Hibernate: 
    INSERT INTO payload (payload_id, payload_name, payload_type, usage) VALUES (3, 'MiddlePallet1', 'M', 2)
Hibernate: 
    INSERT INTO payload (payload_id, payload_name, payload_type, usage) VALUES (4, 'MiddlePallet2', 'M', 3)
Hibernate: 
    INSERT INTO payload (payload_id, payload_name, payload_type, usage) VALUES (5, 'BigPallet1', 'B', 5)
Hibernate: 
    INSERT INTO amr (amr_id, amr_name, payload_id) VALUES (1, 'Amr1', 1)
Hibernate: 
    INSERT INTO amr (amr_id, amr_name, payload_id) VALUES (2, 'Amr2', 2)
Hibernate: 
    INSERT INTO amr (amr_id, amr_name, payload_id) VALUES (3, 'Amr3', 3)
Hibernate: 
    INSERT INTO amr (amr_id, amr_name, payload_id) VALUES (4, 'Amr4', 4)
Hibernate: 
    INSERT INTO amr (amr_id, amr_name, payload_id) VALUES (5, 'Amr5', 5)
2022-10-23 12:13:29.833  INFO 11472 --- [    Test worker] o.h.e.t.j.p.i.JtaPlatformInitiator       : HHH000490: Using JtaPlatform implementation: [org.hibernate.engine.transaction.jta.platform.internal.NoJtaPlatform]
2022-10-23 12:13:29.836  INFO 11472 --- [    Test worker] j.LocalContainerEntityManagerFactoryBean : Initialized JPA EntityManagerFactory for persistence unit 'default'
2022-10-23 12:13:30.091  WARN 11472 --- [    Test worker] JpaBaseConfiguration$JpaWebConfiguration : spring.jpa.open-in-view is enabled by default. Therefore, database queries may be performed during view rendering. Explicitly configure spring.jpa.open-in-view to disable this warning
2022-10-23 12:13:30.173  INFO 11472 --- [    Test worker] o.s.b.a.h2.H2ConsoleAutoConfiguration    : H2 console available at '/h2-console'. Database available at 'jdbc:h2:mem:graphdb'
2022-10-23 12:13:30.382  INFO 11472 --- [    Test worker] s.b.a.g.s.GraphQlWebMvcAutoConfiguration : GraphQL endpoint HTTP POST /graphql
2022-10-23 12:13:30.517  INFO 11472 --- [    Test worker] c.s.g.web.rest.AmrControllerTest         : Started AmrControllerTest in 1.858 seconds (JVM running for 2.337)
Hibernate: 
    select
        amr0_.amr_id as amr_id1_0_0_,
        amr0_.amr_name as amr_name2_0_0_,
        amr0_.payload_id as payload_3_0_0_ 
    from
        amr amr0_ 
    where
        amr0_.amr_id=?
2022-10-23 12:13:30.672 ERROR 11472 --- [    Test worker] s.g.e.ExceptionResolversExceptionHandler : Unresolved GraphQLException for executionId be5c7fa6-82c0-8268-915a-c7d2f2fdce22

graphql.GraphQLException: java.lang.reflect.InvocationTargetException
	at graphql.schema.PropertyFetchingImpl.invokeMethod(PropertyFetchingImpl.java:251) ~[graphql-java-18.2.jar:na]
	at graphql.schema.PropertyFetchingImpl.getPropertyViaGetterUsingPrefix(PropertyFetchingImpl.java:142) ~[graphql-java-18.2.jar:na]
	at graphql.schema.PropertyFetchingImpl.getPropertyViaGetterMethod(PropertyFetchingImpl.java:135) ~[graphql-java-18.2.jar:na]
	at graphql.schema.PropertyFetchingImpl.getPropertyValue(PropertyFetchingImpl.java:93) ~[graphql-java-18.2.jar:na]
	at graphql.schema.PropertyDataFetcherHelper.getPropertyValue(PropertyDataFetcherHelper.java:19) ~[graphql-java-18.2.jar:na]
	at graphql.schema.PropertyDataFetcher.get(PropertyDataFetcher.java:120) ~[graphql-java-18.2.jar:na]
	at graphql.execution.ExecutionStrategy.fetchField(ExecutionStrategy.java:279) ~[graphql-java-18.2.jar:na]
	at graphql.execution.ExecutionStrategy.resolveFieldWithInfo(ExecutionStrategy.java:210) ~[graphql-java-18.2.jar:na]
	at graphql.execution.AsyncExecutionStrategy.execute(AsyncExecutionStrategy.java:60) ~[graphql-java-18.2.jar:na]
	at graphql.execution.ExecutionStrategy.completeValueForObject(ExecutionStrategy.java:667) ~[graphql-java-18.2.jar:na]
	at graphql.execution.ExecutionStrategy.completeValue(ExecutionStrategy.java:454) ~[graphql-java-18.2.jar:na]
	at graphql.execution.ExecutionStrategy.completeField(ExecutionStrategy.java:404) ~[graphql-java-18.2.jar:na]
	at graphql.execution.ExecutionStrategy.lambda$resolveFieldWithInfo$1(ExecutionStrategy.java:212) ~[graphql-java-18.2.jar:na]
	at java.base/java.util.concurrent.CompletableFuture.uniApplyNow(CompletableFuture.java:684) ~[na:na]
	at java.base/java.util.concurrent.CompletableFuture.uniApplyStage(CompletableFuture.java:662) ~[na:na]
	at java.base/java.util.concurrent.CompletableFuture.thenApply(CompletableFuture.java:2168) ~[na:na]
	at graphql.execution.ExecutionStrategy.resolveFieldWithInfo(ExecutionStrategy.java:211) ~[graphql-java-18.2.jar:na]
	at graphql.execution.AsyncExecutionStrategy.execute(AsyncExecutionStrategy.java:60) ~[graphql-java-18.2.jar:na]
	at graphql.execution.ExecutionStrategy.completeValueForObject(ExecutionStrategy.java:667) ~[graphql-java-18.2.jar:na]
	at graphql.execution.ExecutionStrategy.completeValue(ExecutionStrategy.java:454) ~[graphql-java-18.2.jar:na]
	at graphql.execution.ExecutionStrategy.completeField(ExecutionStrategy.java:404) ~[graphql-java-18.2.jar:na]
	at graphql.execution.ExecutionStrategy.lambda$resolveFieldWithInfo$1(ExecutionStrategy.java:212) ~[graphql-java-18.2.jar:na]
	at java.base/java.util.concurrent.CompletableFuture.uniApplyNow(CompletableFuture.java:684) ~[na:na]
	at java.base/java.util.concurrent.CompletableFuture.uniApplyStage(CompletableFuture.java:662) ~[na:na]
	at java.base/java.util.concurrent.CompletableFuture.thenApply(CompletableFuture.java:2168) ~[na:na]
	at graphql.execution.ExecutionStrategy.resolveFieldWithInfo(ExecutionStrategy.java:211) ~[graphql-java-18.2.jar:na]
	at graphql.execution.AsyncExecutionStrategy.execute(AsyncExecutionStrategy.java:60) ~[graphql-java-18.2.jar:na]
	at graphql.execution.Execution.executeOperation(Execution.java:159) ~[graphql-java-18.2.jar:na]
	at graphql.execution.Execution.execute(Execution.java:105) ~[graphql-java-18.2.jar:na]
	at graphql.GraphQL.execute(GraphQL.java:641) ~[graphql-java-18.2.jar:na]
	at graphql.GraphQL.lambda$parseValidateAndExecute$11(GraphQL.java:561) ~[graphql-java-18.2.jar:na]
	at java.base/java.util.concurrent.CompletableFuture.uniComposeStage(CompletableFuture.java:1187) ~[na:na]
	at java.base/java.util.concurrent.CompletableFuture.thenCompose(CompletableFuture.java:2309) ~[na:na]
	at graphql.GraphQL.parseValidateAndExecute(GraphQL.java:556) ~[graphql-java-18.2.jar:na]
	at graphql.GraphQL.executeAsync(GraphQL.java:524) ~[graphql-java-18.2.jar:na]
	at org.springframework.graphql.execution.DefaultExecutionGraphQlService.lambda$execute$2(DefaultExecutionGraphQlService.java:81) ~[spring-graphql-1.0.1.jar:1.0.1]
	at reactor.core.publisher.MonoDeferContextual.subscribe(MonoDeferContextual.java:47) ~[reactor-core-3.4.21.jar:3.4.21]
	at reactor.core.publisher.Mono.subscribe(Mono.java:4397) ~[reactor-core-3.4.21.jar:3.4.21]
	at reactor.core.publisher.Mono.block(Mono.java:1730) ~[reactor-core-3.4.21.jar:3.4.21]
	at org.springframework.graphql.test.tester.DefaultGraphQlTester$DefaultRequest.execute(DefaultGraphQlTester.java:156) ~[spring-graphql-test-1.0.1.jar:1.0.1]
	at com.showyourcode.graphqlsample.web.rest.AmrControllerTest.getAmrById(AmrControllerTest.java:42) ~[test/:na]
	at java.base/jdk.internal.reflect.DirectMethodHandleAccessor.invoke(DirectMethodHandleAccessor.java:104) ~[na:na]
	at java.base/java.lang.reflect.Method.invoke(Method.java:577) ~[na:na]
	at org.junit.platform.commons.util.ReflectionUtils.invokeMethod(ReflectionUtils.java:725) ~[junit-platform-commons-1.8.2.jar:1.8.2]
	at org.junit.jupiter.engine.execution.MethodInvocation.proceed(MethodInvocation.java:60) ~[junit-jupiter-engine-5.8.2.jar:5.8.2]
	at org.junit.jupiter.engine.execution.InvocationInterceptorChain$ValidatingInvocation.proceed(InvocationInterceptorChain.java:131) ~[junit-jupiter-engine-5.8.2.jar:5.8.2]
	at org.junit.jupiter.engine.extension.TimeoutExtension.intercept(TimeoutExtension.java:149) ~[junit-jupiter-engine-5.8.2.jar:5.8.2]
	at org.junit.jupiter.engine.extension.TimeoutExtension.interceptTestableMethod(TimeoutExtension.java:140) ~[junit-jupiter-engine-5.8.2.jar:5.8.2]
	at org.junit.jupiter.engine.extension.TimeoutExtension.interceptTestMethod(TimeoutExtension.java:84) ~[junit-jupiter-engine-5.8.2.jar:5.8.2]
	at org.junit.jupiter.engine.execution.ExecutableInvoker$ReflectiveInterceptorCall.lambda$ofVoidMethod$0(ExecutableInvoker.java:115) ~[junit-jupiter-engine-5.8.2.jar:5.8.2]
	at org.junit.jupiter.engine.execution.ExecutableInvoker.lambda$invoke$0(ExecutableInvoker.java:105) ~[junit-jupiter-engine-5.8.2.jar:5.8.2]
	at org.junit.jupiter.engine.execution.InvocationInterceptorChain$InterceptedInvocation.proceed(InvocationInterceptorChain.java:106) ~[junit-jupiter-engine-5.8.2.jar:5.8.2]
	at org.junit.jupiter.engine.execution.InvocationInterceptorChain.proceed(InvocationInterceptorChain.java:64) ~[junit-jupiter-engine-5.8.2.jar:5.8.2]
	at org.junit.jupiter.engine.execution.InvocationInterceptorChain.chainAndInvoke(InvocationInterceptorChain.java:45) ~[junit-jupiter-engine-5.8.2.jar:5.8.2]
	at org.junit.jupiter.engine.execution.InvocationInterceptorChain.invoke(InvocationInterceptorChain.java:37) ~[junit-jupiter-engine-5.8.2.jar:5.8.2]
	at org.junit.jupiter.engine.execution.ExecutableInvoker.invoke(ExecutableInvoker.java:104) ~[junit-jupiter-engine-5.8.2.jar:5.8.2]
	at org.junit.jupiter.engine.execution.ExecutableInvoker.invoke(ExecutableInvoker.java:98) ~[junit-jupiter-engine-5.8.2.jar:5.8.2]
	at org.junit.jupiter.engine.descriptor.TestMethodTestDescriptor.lambda$invokeTestMethod$7(TestMethodTestDescriptor.java:214) ~[junit-jupiter-engine-5.8.2.jar:5.8.2]
	at org.junit.platform.engine.support.hierarchical.ThrowableCollector.execute(ThrowableCollector.java:73) ~[junit-platform-engine-1.8.2.jar:1.8.2]
	at org.junit.jupiter.engine.descriptor.TestMethodTestDescriptor.invokeTestMethod(TestMethodTestDescriptor.java:210) ~[junit-jupiter-engine-5.8.2.jar:5.8.2]
	at org.junit.jupiter.engine.descriptor.TestMethodTestDescriptor.execute(TestMethodTestDescriptor.java:135) ~[junit-jupiter-engine-5.8.2.jar:5.8.2]
	at org.junit.jupiter.engine.descriptor.TestMethodTestDescriptor.execute(TestMethodTestDescriptor.java:66) ~[junit-jupiter-engine-5.8.2.jar:5.8.2]
	at org.junit.platform.engine.support.hierarchical.NodeTestTask.lambda$executeRecursively$6(NodeTestTask.java:151) ~[junit-platform-engine-1.8.2.jar:1.8.2]
	at org.junit.platform.engine.support.hierarchical.ThrowableCollector.execute(ThrowableCollector.java:73) ~[junit-platform-engine-1.8.2.jar:1.8.2]
	at org.junit.platform.engine.support.hierarchical.NodeTestTask.lambda$executeRecursively$8(NodeTestTask.java:141) ~[junit-platform-engine-1.8.2.jar:1.8.2]
	at org.junit.platform.engine.support.hierarchical.Node.around(Node.java:137) ~[junit-platform-engine-1.8.2.jar:1.8.2]
	at org.junit.platform.engine.support.hierarchical.NodeTestTask.lambda$executeRecursively$9(NodeTestTask.java:139) ~[junit-platform-engine-1.8.2.jar:1.8.2]
	at org.junit.platform.engine.support.hierarchical.ThrowableCollector.execute(ThrowableCollector.java:73) ~[junit-platform-engine-1.8.2.jar:1.8.2]
	at org.junit.platform.engine.support.hierarchical.NodeTestTask.executeRecursively(NodeTestTask.java:138) ~[junit-platform-engine-1.8.2.jar:1.8.2]
	at org.junit.platform.engine.support.hierarchical.NodeTestTask.execute(NodeTestTask.java:95) ~[junit-platform-engine-1.8.2.jar:1.8.2]
	at java.base/java.util.ArrayList.forEach(ArrayList.java:1511) ~[na:na]
	at org.junit.platform.engine.support.hierarchical.SameThreadHierarchicalTestExecutorService.invokeAll(SameThreadHierarchicalTestExecutorService.java:41) ~[junit-platform-engine-1.8.2.jar:1.8.2]
	at org.junit.platform.engine.support.hierarchical.NodeTestTask.lambda$executeRecursively$6(NodeTestTask.java:155) ~[junit-platform-engine-1.8.2.jar:1.8.2]
	at org.junit.platform.engine.support.hierarchical.ThrowableCollector.execute(ThrowableCollector.java:73) ~[junit-platform-engine-1.8.2.jar:1.8.2]
	at org.junit.platform.engine.support.hierarchical.NodeTestTask.lambda$executeRecursively$8(NodeTestTask.java:141) ~[junit-platform-engine-1.8.2.jar:1.8.2]
	at org.junit.platform.engine.support.hierarchical.Node.around(Node.java:137) ~[junit-platform-engine-1.8.2.jar:1.8.2]
	at org.junit.platform.engine.support.hierarchical.NodeTestTask.lambda$executeRecursively$9(NodeTestTask.java:139) ~[junit-platform-engine-1.8.2.jar:1.8.2]
	at org.junit.platform.engine.support.hierarchical.ThrowableCollector.execute(ThrowableCollector.java:73) ~[junit-platform-engine-1.8.2.jar:1.8.2]
	at org.junit.platform.engine.support.hierarchical.NodeTestTask.executeRecursively(NodeTestTask.java:138) ~[junit-platform-engine-1.8.2.jar:1.8.2]
	at org.junit.platform.engine.support.hierarchical.NodeTestTask.execute(NodeTestTask.java:95) ~[junit-platform-engine-1.8.2.jar:1.8.2]
	at java.base/java.util.ArrayList.forEach(ArrayList.java:1511) ~[na:na]
	at org.junit.platform.engine.support.hierarchical.SameThreadHierarchicalTestExecutorService.invokeAll(SameThreadHierarchicalTestExecutorService.java:41) ~[junit-platform-engine-1.8.2.jar:1.8.2]
	at org.junit.platform.engine.support.hierarchical.NodeTestTask.lambda$executeRecursively$6(NodeTestTask.java:155) ~[junit-platform-engine-1.8.2.jar:1.8.2]
	at org.junit.platform.engine.support.hierarchical.ThrowableCollector.execute(ThrowableCollector.java:73) ~[junit-platform-engine-1.8.2.jar:1.8.2]
	at org.junit.platform.engine.support.hierarchical.NodeTestTask.lambda$executeRecursively$8(NodeTestTask.java:141) ~[junit-platform-engine-1.8.2.jar:1.8.2]
	at org.junit.platform.engine.support.hierarchical.Node.around(Node.java:137) ~[junit-platform-engine-1.8.2.jar:1.8.2]
	at org.junit.platform.engine.support.hierarchical.NodeTestTask.lambda$executeRecursively$9(NodeTestTask.java:139) ~[junit-platform-engine-1.8.2.jar:1.8.2]
	at org.junit.platform.engine.support.hierarchical.ThrowableCollector.execute(ThrowableCollector.java:73) ~[junit-platform-engine-1.8.2.jar:1.8.2]
	at org.junit.platform.engine.support.hierarchical.NodeTestTask.executeRecursively(NodeTestTask.java:138) ~[junit-platform-engine-1.8.2.jar:1.8.2]
	at org.junit.platform.engine.support.hierarchical.NodeTestTask.execute(NodeTestTask.java:95) ~[junit-platform-engine-1.8.2.jar:1.8.2]
	at org.junit.platform.engine.support.hierarchical.SameThreadHierarchicalTestExecutorService.submit(SameThreadHierarchicalTestExecutorService.java:35) ~[junit-platform-engine-1.8.2.jar:1.8.2]
	at org.junit.platform.engine.support.hierarchical.HierarchicalTestExecutor.execute(HierarchicalTestExecutor.java:57) ~[junit-platform-engine-1.8.2.jar:1.8.2]
	at org.junit.platform.engine.support.hierarchical.HierarchicalTestEngine.execute(HierarchicalTestEngine.java:54) ~[junit-platform-engine-1.8.2.jar:1.8.2]
	at org.junit.platform.launcher.core.EngineExecutionOrchestrator.execute(EngineExecutionOrchestrator.java:107) ~[na:na]
	at org.junit.platform.launcher.core.EngineExecutionOrchestrator.execute(EngineExecutionOrchestrator.java:88) ~[na:na]
	at org.junit.platform.launcher.core.EngineExecutionOrchestrator.lambda$execute$0(EngineExecutionOrchestrator.java:54) ~[na:na]
	at org.junit.platform.launcher.core.EngineExecutionOrchestrator.withInterceptedStreams(EngineExecutionOrchestrator.java:67) ~[na:na]
	at org.junit.platform.launcher.core.EngineExecutionOrchestrator.execute(EngineExecutionOrchestrator.java:52) ~[na:na]
	at org.junit.platform.launcher.core.DefaultLauncher.execute(DefaultLauncher.java:114) ~[na:na]
	at org.junit.platform.launcher.core.DefaultLauncher.execute(DefaultLauncher.java:86) ~[na:na]
	at org.junit.platform.launcher.core.DefaultLauncherSession$DelegatingLauncher.execute(DefaultLauncherSession.java:86) ~[na:na]
	at org.junit.platform.launcher.core.SessionPerRequestLauncher.execute(SessionPerRequestLauncher.java:53) ~[na:na]
	at org.gradle.api.internal.tasks.testing.junitplatform.JUnitPlatformTestClassProcessor$CollectAllTestClassesExecutor.processAllTestClasses(JUnitPlatformTestClassProcessor.java:99) ~[na:na]
	at org.gradle.api.internal.tasks.testing.junitplatform.JUnitPlatformTestClassProcessor$CollectAllTestClassesExecutor.access$000(JUnitPlatformTestClassProcessor.java:79) ~[na:na]
	at org.gradle.api.internal.tasks.testing.junitplatform.JUnitPlatformTestClassProcessor.stop(JUnitPlatformTestClassProcessor.java:75) ~[na:na]
	at org.gradle.api.internal.tasks.testing.SuiteTestClassProcessor.stop(SuiteTestClassProcessor.java:61) ~[na:na]
	at java.base/jdk.internal.reflect.DirectMethodHandleAccessor.invoke(DirectMethodHandleAccessor.java:104) ~[na:na]
	at java.base/java.lang.reflect.Method.invoke(Method.java:577) ~[na:na]
	at org.gradle.internal.dispatch.ReflectionDispatch.dispatch(ReflectionDispatch.java:36) ~[na:na]
	at org.gradle.internal.dispatch.ReflectionDispatch.dispatch(ReflectionDispatch.java:24) ~[na:na]
	at org.gradle.internal.dispatch.ContextClassLoaderDispatch.dispatch(ContextClassLoaderDispatch.java:33) ~[na:na]
	at org.gradle.internal.dispatch.ProxyDispatchAdapter$DispatchingInvocationHandler.invoke(ProxyDispatchAdapter.java:94) ~[na:na]
	at jdk.proxy1/jdk.proxy1.$Proxy2.stop(Unknown Source) ~[na:na]
	at org.gradle.api.internal.tasks.testing.worker.TestWorker$3.run(TestWorker.java:193) ~[na:na]
	at org.gradle.api.internal.tasks.testing.worker.TestWorker.executeAndMaintainThreadName(TestWorker.java:129) ~[na:na]
	at org.gradle.api.internal.tasks.testing.worker.TestWorker.execute(TestWorker.java:100) ~[na:na]
	at org.gradle.api.internal.tasks.testing.worker.TestWorker.execute(TestWorker.java:60) ~[na:na]
	at org.gradle.process.internal.worker.child.ActionExecutionWorker.execute(ActionExecutionWorker.java:56) ~[na:na]
	at org.gradle.process.internal.worker.child.SystemApplicationClassLoaderWorker.call(SystemApplicationClassLoaderWorker.java:133) ~[na:na]
	at org.gradle.process.internal.worker.child.SystemApplicationClassLoaderWorker.call(SystemApplicationClassLoaderWorker.java:71) ~[na:na]
	at worker.org.gradle.process.internal.worker.GradleWorkerMain.run(GradleWorkerMain.java:69) ~[gradle-worker.jar:na]
	at worker.org.gradle.process.internal.worker.GradleWorkerMain.main(GradleWorkerMain.java:74) ~[gradle-worker.jar:na]
Caused by: java.lang.reflect.InvocationTargetException: null
	at java.base/jdk.internal.reflect.DirectMethodHandleAccessor.invoke(DirectMethodHandleAccessor.java:119) ~[na:na]
	at java.base/java.lang.reflect.Method.invoke(Method.java:577) ~[na:na]
	at graphql.schema.PropertyFetchingImpl.invokeMethod(PropertyFetchingImpl.java:248) ~[graphql-java-18.2.jar:na]
	... 121 common frames omitted
Caused by: org.hibernate.LazyInitializationException: could not initialize proxy [com.showyourcode.graphqlsample.repository.entity.Payload#1] - no Session
	at org.hibernate.proxy.AbstractLazyInitializer.initialize(AbstractLazyInitializer.java:176) ~[hibernate-core-5.6.10.Final.jar:5.6.10.Final]
	at org.hibernate.proxy.AbstractLazyInitializer.getImplementation(AbstractLazyInitializer.java:322) ~[hibernate-core-5.6.10.Final.jar:5.6.10.Final]
	at org.hibernate.proxy.pojo.bytebuddy.ByteBuddyInterceptor.intercept(ByteBuddyInterceptor.java:45) ~[hibernate-core-5.6.10.Final.jar:5.6.10.Final]
	at org.hibernate.proxy.ProxyConfiguration$InterceptorDispatcher.intercept(ProxyConfiguration.java:95) ~[hibernate-core-5.6.10.Final.jar:5.6.10.Final]
	at com.showyourcode.graphqlsample.repository.entity.Payload$HibernateProxy$xtkSjS59.getPayloadName(Unknown Source) ~[main/:na]
	at java.base/jdk.internal.reflect.DirectMethodHandleAccessor.invoke(DirectMethodHandleAccessor.java:104) ~[na:na]
	... 123 common frames omitted

]]></system-out>
  <system-err><![CDATA[]]></system-err>
</testsuite>
